{"/home/marco/Repos/MARBLES/client/ApiService.js": {"path":"/home/marco/Repos/MARBLES/client/ApiService.js","statementMap":{"0":{"start":{"line":2,"column":17},"end":{"line":2,"column":35}},"1":{"start":{"line":4,"column":19},"end":{"line":4,"column":21}},"2":{"start":{"line":6,"column":0},"end":{"line":16,"column":2}},"3":{"start":{"line":7,"column":2},"end":{"line":15,"column":38}},"4":{"start":{"line":14,"column":19},"end":{"line":14,"column":29}},"5":{"start":{"line":15,"column":20},"end":{"line":15,"column":36}},"6":{"start":{"line":18,"column":0},"end":{"line":31,"column":2}},"7":{"start":{"line":19,"column":2},"end":{"line":30,"column":38}},"8":{"start":{"line":29,"column":19},"end":{"line":29,"column":29}},"9":{"start":{"line":30,"column":20},"end":{"line":30,"column":36}},"10":{"start":{"line":33,"column":0},"end":{"line":43,"column":2}},"11":{"start":{"line":34,"column":2},"end":{"line":42,"column":38}},"12":{"start":{"line":41,"column":19},"end":{"line":41,"column":29}},"13":{"start":{"line":42,"column":20},"end":{"line":42,"column":36}},"14":{"start":{"line":45,"column":0},"end":{"line":55,"column":2}},"15":{"start":{"line":46,"column":2},"end":{"line":54,"column":38}},"16":{"start":{"line":53,"column":19},"end":{"line":53,"column":29}},"17":{"start":{"line":54,"column":20},"end":{"line":54,"column":36}},"18":{"start":{"line":57,"column":0},"end":{"line":67,"column":2}},"19":{"start":{"line":58,"column":2},"end":{"line":66,"column":38}},"20":{"start":{"line":65,"column":19},"end":{"line":65,"column":29}},"21":{"start":{"line":66,"column":20},"end":{"line":66,"column":36}},"22":{"start":{"line":69,"column":0},"end":{"line":79,"column":2}},"23":{"start":{"line":70,"column":2},"end":{"line":78,"column":38}},"24":{"start":{"line":77,"column":19},"end":{"line":77,"column":29}},"25":{"start":{"line":78,"column":20},"end":{"line":78,"column":36}}},"fnMap":{"0":{"name":"(anonymous_0)","decl":{"start":{"line":6,"column":22},"end":{"line":6,"column":23}},"loc":{"start":{"line":6,"column":32},"end":{"line":16,"column":1}},"line":6},"1":{"name":"(anonymous_1)","decl":{"start":{"line":14,"column":10},"end":{"line":14,"column":11}},"loc":{"start":{"line":14,"column":19},"end":{"line":14,"column":29}},"line":14},"2":{"name":"(anonymous_2)","decl":{"start":{"line":15,"column":11},"end":{"line":15,"column":12}},"loc":{"start":{"line":15,"column":20},"end":{"line":15,"column":36}},"line":15},"3":{"name":"(anonymous_3)","decl":{"start":{"line":18,"column":19},"end":{"line":18,"column":20}},"loc":{"start":{"line":18,"column":29},"end":{"line":31,"column":1}},"line":18},"4":{"name":"(anonymous_4)","decl":{"start":{"line":29,"column":10},"end":{"line":29,"column":11}},"loc":{"start":{"line":29,"column":19},"end":{"line":29,"column":29}},"line":29},"5":{"name":"(anonymous_5)","decl":{"start":{"line":30,"column":11},"end":{"line":30,"column":12}},"loc":{"start":{"line":30,"column":20},"end":{"line":30,"column":36}},"line":30},"6":{"name":"(anonymous_6)","decl":{"start":{"line":33,"column":24},"end":{"line":33,"column":25}},"loc":{"start":{"line":33,"column":36},"end":{"line":43,"column":1}},"line":33},"7":{"name":"(anonymous_7)","decl":{"start":{"line":41,"column":10},"end":{"line":41,"column":11}},"loc":{"start":{"line":41,"column":19},"end":{"line":41,"column":29}},"line":41},"8":{"name":"(anonymous_8)","decl":{"start":{"line":42,"column":11},"end":{"line":42,"column":12}},"loc":{"start":{"line":42,"column":20},"end":{"line":42,"column":36}},"line":42},"9":{"name":"(anonymous_9)","decl":{"start":{"line":45,"column":23},"end":{"line":45,"column":24}},"loc":{"start":{"line":45,"column":41},"end":{"line":55,"column":1}},"line":45},"10":{"name":"(anonymous_10)","decl":{"start":{"line":53,"column":10},"end":{"line":53,"column":11}},"loc":{"start":{"line":53,"column":19},"end":{"line":53,"column":29}},"line":53},"11":{"name":"(anonymous_11)","decl":{"start":{"line":54,"column":11},"end":{"line":54,"column":12}},"loc":{"start":{"line":54,"column":20},"end":{"line":54,"column":36}},"line":54},"12":{"name":"(anonymous_12)","decl":{"start":{"line":57,"column":26},"end":{"line":57,"column":27}},"loc":{"start":{"line":57,"column":51},"end":{"line":67,"column":1}},"line":57},"13":{"name":"(anonymous_13)","decl":{"start":{"line":65,"column":10},"end":{"line":65,"column":11}},"loc":{"start":{"line":65,"column":19},"end":{"line":65,"column":29}},"line":65},"14":{"name":"(anonymous_14)","decl":{"start":{"line":66,"column":11},"end":{"line":66,"column":12}},"loc":{"start":{"line":66,"column":20},"end":{"line":66,"column":36}},"line":66},"15":{"name":"(anonymous_15)","decl":{"start":{"line":69,"column":28},"end":{"line":69,"column":29}},"loc":{"start":{"line":69,"column":53},"end":{"line":79,"column":1}},"line":69},"16":{"name":"(anonymous_16)","decl":{"start":{"line":77,"column":10},"end":{"line":77,"column":11}},"loc":{"start":{"line":77,"column":19},"end":{"line":77,"column":29}},"line":77},"17":{"name":"(anonymous_17)","decl":{"start":{"line":78,"column":11},"end":{"line":78,"column":12}},"loc":{"start":{"line":78,"column":20},"end":{"line":78,"column":36}},"line":78}},"branchMap":{},"s":{"0":0,"1":2,"2":2,"3":0,"4":0,"5":0,"6":2,"7":0,"8":0,"9":0,"10":2,"11":0,"12":0,"13":0,"14":2,"15":1,"16":0,"17":0,"18":2,"19":0,"20":0,"21":0,"22":2,"23":0,"24":0,"25":0},"f":{"0":0,"1":0,"2":0,"3":0,"4":0,"5":0,"6":0,"7":0,"8":0,"9":1,"10":0,"11":0,"12":0,"13":0,"14":0,"15":0,"16":0,"17":0},"b":{},"_coverageSchema":"1a1c01bbd47fc00a2c39e90264f33305004495a9","hash":"cf30e06452bd62625d4b4b8b0c2524f30996cf4e"}
,"/home/marco/Repos/MARBLES/client/assets/Add.png": {"path":"/home/marco/Repos/MARBLES/client/assets/Add.png","statementMap":{"0":{"start":{"line":1,"column":0},"end":{"line":4,"column":6}}},"fnMap":{},"branchMap":{},"s":{"0":1},"f":{},"b":{},"_coverageSchema":"1a1c01bbd47fc00a2c39e90264f33305004495a9","hash":"8e0842b18b96f69ed7b44ae402a54fe95f08f9d3"}
,"/home/marco/Repos/MARBLES/client/assets/Calendar.png": {"path":"/home/marco/Repos/MARBLES/client/assets/Calendar.png","statementMap":{"0":{"start":{"line":1,"column":0},"end":{"line":4,"column":6}}},"fnMap":{},"branchMap":{},"s":{"0":2},"f":{},"b":{},"_coverageSchema":"1a1c01bbd47fc00a2c39e90264f33305004495a9","hash":"574a1dad53a28f92588a0a6d9a571e3a8a1bf53f"}
,"/home/marco/Repos/MARBLES/client/assets/Frame.png": {"path":"/home/marco/Repos/MARBLES/client/assets/Frame.png","statementMap":{"0":{"start":{"line":1,"column":0},"end":{"line":4,"column":6}}},"fnMap":{},"branchMap":{},"s":{"0":1},"f":{},"b":{},"_coverageSchema":"1a1c01bbd47fc00a2c39e90264f33305004495a9","hash":"4759f0b88806cb3757e1009168fc5f47bcae569c"}
,"/home/marco/Repos/MARBLES/client/assets/Group.png": {"path":"/home/marco/Repos/MARBLES/client/assets/Group.png","statementMap":{"0":{"start":{"line":1,"column":0},"end":{"line":4,"column":6}}},"fnMap":{},"branchMap":{},"s":{"0":1},"f":{},"b":{},"_coverageSchema":"1a1c01bbd47fc00a2c39e90264f33305004495a9","hash":"59d7b74b0fb606a103135ade98203b6405e5e456"}
,"/home/marco/Repos/MARBLES/client/assets/LogOut.png": {"path":"/home/marco/Repos/MARBLES/client/assets/LogOut.png","statementMap":{"0":{"start":{"line":1,"column":0},"end":{"line":4,"column":6}}},"fnMap":{},"branchMap":{},"s":{"0":2},"f":{},"b":{},"_coverageSchema":"1a1c01bbd47fc00a2c39e90264f33305004495a9","hash":"4976dc7e0231dff500634b7d6b8ca99dc4a9942b"}
,"/home/marco/Repos/MARBLES/client/assets/Marbles.png": {"path":"/home/marco/Repos/MARBLES/client/assets/Marbles.png","statementMap":{"0":{"start":{"line":1,"column":0},"end":{"line":4,"column":6}}},"fnMap":{},"branchMap":{},"s":{"0":1},"f":{},"b":{},"_coverageSchema":"1a1c01bbd47fc00a2c39e90264f33305004495a9","hash":"6c904382e04c0387c11a960e65ea58caf9f37db9"}
,"/home/marco/Repos/MARBLES/client/assets/Register.png": {"path":"/home/marco/Repos/MARBLES/client/assets/Register.png","statementMap":{"0":{"start":{"line":1,"column":0},"end":{"line":4,"column":6}}},"fnMap":{},"branchMap":{},"s":{"0":1},"f":{},"b":{},"_coverageSchema":"1a1c01bbd47fc00a2c39e90264f33305004495a9","hash":"8209236f2147dad8b039fd577affec3e8829b447"}
,"/home/marco/Repos/MARBLES/client/assets/Today.png": {"path":"/home/marco/Repos/MARBLES/client/assets/Today.png","statementMap":{"0":{"start":{"line":1,"column":0},"end":{"line":4,"column":6}}},"fnMap":{},"branchMap":{},"s":{"0":1},"f":{},"b":{},"_coverageSchema":"1a1c01bbd47fc00a2c39e90264f33305004495a9","hash":"62f7269786a98b8682cad3aeb19a50f91429046d"}
,"/home/marco/Repos/MARBLES/client/assets/Update.png": {"path":"/home/marco/Repos/MARBLES/client/assets/Update.png","statementMap":{"0":{"start":{"line":1,"column":0},"end":{"line":4,"column":6}}},"fnMap":{},"branchMap":{},"s":{"0":2},"f":{},"b":{},"_coverageSchema":"1a1c01bbd47fc00a2c39e90264f33305004495a9","hash":"3ca8d485cecf7f4f3edd3f91dfc73d314a631f3b"}
,"/home/marco/Repos/MARBLES/client/components/BottomNav.js": {"path":"/home/marco/Repos/MARBLES/client/components/BottomNav.js","statementMap":{"0":{"start":{"line":4,"column":2},"end":{"line":16,"column":3}},"1":{"start":{"line":6,"column":39},"end":{"line":6,"column":69}},"2":{"start":{"line":9,"column":39},"end":{"line":9,"column":67}},"3":{"start":{"line":12,"column":39},"end":{"line":12,"column":66}},"4":{"start":{"line":19,"column":15},"end":{"line":42,"column":2}}},"fnMap":{"0":{"name":"BottomNav","decl":{"start":{"line":3,"column":24},"end":{"line":3,"column":33}},"loc":{"start":{"line":3,"column":47},"end":{"line":17,"column":1}},"line":3},"1":{"name":"(anonymous_1)","decl":{"start":{"line":6,"column":33},"end":{"line":6,"column":34}},"loc":{"start":{"line":6,"column":39},"end":{"line":6,"column":69}},"line":6},"2":{"name":"(anonymous_2)","decl":{"start":{"line":9,"column":33},"end":{"line":9,"column":34}},"loc":{"start":{"line":9,"column":39},"end":{"line":9,"column":67}},"line":9},"3":{"name":"(anonymous_3)","decl":{"start":{"line":12,"column":33},"end":{"line":12,"column":34}},"loc":{"start":{"line":12,"column":39},"end":{"line":12,"column":66}},"line":12}},"branchMap":{},"s":{"0":4,"1":0,"2":0,"3":0,"4":2},"f":{"0":4,"1":0,"2":0,"3":0},"b":{},"_coverageSchema":"1a1c01bbd47fc00a2c39e90264f33305004495a9","hash":"41ed6ad23b36c613347c4a6db7cbf5b947f78b75"}
,"/home/marco/Repos/MARBLES/client/components/CalendarHeader.js": {"path":"/home/marco/Repos/MARBLES/client/components/CalendarHeader.js","statementMap":{"0":{"start":{"line":4,"column":2},"end":{"line":13,"column":5}}},"fnMap":{"0":{"name":"CalendarHeader","decl":{"start":{"line":3,"column":24},"end":{"line":3,"column":38}},"loc":{"start":{"line":3,"column":66},"end":{"line":14,"column":1}},"line":3}},"branchMap":{},"s":{"0":2},"f":{"0":2},"b":{},"_coverageSchema":"1a1c01bbd47fc00a2c39e90264f33305004495a9","hash":"73e821085cf5067dfe3f4e4225792a403ffc9688"}
,"/home/marco/Repos/MARBLES/client/components/CalendarItem.js": {"path":"/home/marco/Repos/MARBLES/client/components/CalendarItem.js","statementMap":{"0":{"start":{"line":4,"column":20},"end":{"line":4,"column":34}},"1":{"start":{"line":5,"column":20},"end":{"line":5,"column":49}},"2":{"start":{"line":7,"column":4},"end":{"line":8,"column":75}},"3":{"start":{"line":11,"column":2},"end":{"line":23,"column":4}},"4":{"start":{"line":13,"column":21},"end":{"line":13,"column":42}},"5":{"start":{"line":26,"column":15},"end":{"line":47,"column":2}}},"fnMap":{"0":{"name":"CalendarItem","decl":{"start":{"line":3,"column":24},"end":{"line":3,"column":36}},"loc":{"start":{"line":3,"column":79},"end":{"line":24,"column":1}},"line":3},"1":{"name":"(anonymous_1)","decl":{"start":{"line":13,"column":15},"end":{"line":13,"column":16}},"loc":{"start":{"line":13,"column":21},"end":{"line":13,"column":42}},"line":13}},"branchMap":{"0":{"loc":{"start":{"line":7,"column":4},"end":{"line":8,"column":75}},"type":"binary-expr","locations":[{"start":{"line":7,"column":4},"end":{"line":7,"column":45}},{"start":{"line":8,"column":4},"end":{"line":8,"column":75}}],"line":7},"1":{"loc":{"start":{"line":14,"column":27},"end":{"line":14,"column":68}},"type":"binary-expr","locations":[{"start":{"line":14,"column":27},"end":{"line":14,"column":35}},{"start":{"line":14,"column":39},"end":{"line":14,"column":68}}],"line":14},"2":{"loc":{"start":{"line":16,"column":39},"end":{"line":16,"column":68}},"type":"binary-expr","locations":[{"start":{"line":16,"column":39},"end":{"line":16,"column":47}},{"start":{"line":16,"column":51},"end":{"line":16,"column":68}}],"line":16},"3":{"loc":{"start":{"line":19,"column":37},"end":{"line":19,"column":66}},"type":"binary-expr","locations":[{"start":{"line":19,"column":37},"end":{"line":19,"column":45}},{"start":{"line":19,"column":49},"end":{"line":19,"column":66}}],"line":19}},"s":{"0":538,"1":538,"2":538,"3":538,"4":0,"5":1},"f":{"0":538,"1":0},"b":{"0":[538,16],"1":[538,2],"2":[538,2],"3":[538,2]},"_coverageSchema":"1a1c01bbd47fc00a2c39e90264f33305004495a9","hash":"9f24e800e8fd28fe0436af21d1f8294c81ccd820"}
,"/home/marco/Repos/MARBLES/client/components/HabitItem.js": {"path":"/home/marco/Repos/MARBLES/client/components/HabitItem.js","statementMap":{"0":{"start":{"line":7,"column":28},"end":{"line":7,"column":38}},"1":{"start":{"line":9,"column":2},"end":{"line":11,"column":17}},"2":{"start":{"line":10,"column":4},"end":{"line":10,"column":89}},"3":{"start":{"line":10,"column":49},"end":{"line":10,"column":87}},"4":{"start":{"line":13,"column":22},"end":{"line":21,"column":3}},"5":{"start":{"line":14,"column":4},"end":{"line":19,"column":5}},"6":{"start":{"line":15,"column":6},"end":{"line":15,"column":63}},"7":{"start":{"line":16,"column":6},"end":{"line":16,"column":21}},"8":{"start":{"line":18,"column":6},"end":{"line":18,"column":36}},"9":{"start":{"line":20,"column":4},"end":{"line":20,"column":16}},"10":{"start":{"line":23,"column":2},"end":{"line":37,"column":3}},"11":{"start":{"line":29,"column":45},"end":{"line":29,"column":67}},"12":{"start":{"line":39,"column":15},"end":{"line":61,"column":2}}},"fnMap":{"0":{"name":"Habits","decl":{"start":{"line":5,"column":24},"end":{"line":5,"column":30}},"loc":{"start":{"line":5,"column":69},"end":{"line":38,"column":1}},"line":5},"1":{"name":"(anonymous_1)","decl":{"start":{"line":9,"column":13},"end":{"line":9,"column":14}},"loc":{"start":{"line":9,"column":19},"end":{"line":11,"column":3}},"line":9},"2":{"name":"(anonymous_2)","decl":{"start":{"line":10,"column":38},"end":{"line":10,"column":39}},"loc":{"start":{"line":10,"column":49},"end":{"line":10,"column":87}},"line":10},"3":{"name":"(anonymous_3)","decl":{"start":{"line":13,"column":22},"end":{"line":13,"column":23}},"loc":{"start":{"line":13,"column":42},"end":{"line":21,"column":3}},"line":13},"4":{"name":"(anonymous_4)","decl":{"start":{"line":29,"column":39},"end":{"line":29,"column":40}},"loc":{"start":{"line":29,"column":45},"end":{"line":29,"column":67}},"line":29}},"branchMap":{"0":{"loc":{"start":{"line":25,"column":11},"end":{"line":31,"column":31}},"type":"cond-expr","locations":[{"start":{"line":26,"column":12},"end":{"line":28,"column":31}},{"start":{"line":29,"column":12},"end":{"line":31,"column":31}}],"line":25}},"s":{"0":0,"1":0,"2":0,"3":0,"4":0,"5":0,"6":0,"7":0,"8":0,"9":0,"10":0,"11":0,"12":1},"f":{"0":0,"1":0,"2":0,"3":0,"4":0},"b":{"0":[0,0]},"_coverageSchema":"1a1c01bbd47fc00a2c39e90264f33305004495a9","hash":"f3bcb05549fdefbb7c6dccdbd415b66213d7ed8e"}
,"/home/marco/Repos/MARBLES/client/components/HabitList.js": {"path":"/home/marco/Repos/MARBLES/client/components/HabitList.js","statementMap":{"0":{"start":{"line":7,"column":23},"end":{"line":10,"column":3}},"1":{"start":{"line":8,"column":4},"end":{"line":8,"column":59}},"2":{"start":{"line":9,"column":4},"end":{"line":9,"column":16}},"3":{"start":{"line":12,"column":2},"end":{"line":26,"column":3}},"4":{"start":{"line":15,"column":8},"end":{"line":23,"column":9}},"5":{"start":{"line":16,"column":47},"end":{"line":16,"column":70}},"6":{"start":{"line":29,"column":15},"end":{"line":37,"column":2}}},"fnMap":{"0":{"name":"HabitList","decl":{"start":{"line":5,"column":24},"end":{"line":5,"column":33}},"loc":{"start":{"line":5,"column":69},"end":{"line":27,"column":1}},"line":5},"1":{"name":"(anonymous_1)","decl":{"start":{"line":7,"column":23},"end":{"line":7,"column":24}},"loc":{"start":{"line":7,"column":43},"end":{"line":10,"column":3}},"line":7},"2":{"name":"(anonymous_2)","decl":{"start":{"line":14,"column":28},"end":{"line":14,"column":29}},"loc":{"start":{"line":14,"column":42},"end":{"line":24,"column":7}},"line":14},"3":{"name":"(anonymous_3)","decl":{"start":{"line":16,"column":41},"end":{"line":16,"column":42}},"loc":{"start":{"line":16,"column":47},"end":{"line":16,"column":70}},"line":16}},"branchMap":{"0":{"loc":{"start":{"line":14,"column":7},"end":{"line":24,"column":8}},"type":"binary-expr","locations":[{"start":{"line":14,"column":7},"end":{"line":14,"column":13}},{"start":{"line":14,"column":17},"end":{"line":24,"column":8}}],"line":14}},"s":{"0":2,"1":0,"2":0,"3":2,"4":0,"5":0,"6":1},"f":{"0":2,"1":0,"2":0,"3":0},"b":{"0":[2,2]},"_coverageSchema":"1a1c01bbd47fc00a2c39e90264f33305004495a9","hash":"123f9b9610d464f4582e10916630464aca759931"}
,"/home/marco/Repos/MARBLES/client/components/HorizontalCalendar.js": {"path":"/home/marco/Repos/MARBLES/client/components/HorizontalCalendar.js","statementMap":{"0":{"start":{"line":8,"column":15},"end":{"line":8,"column":29}},"1":{"start":{"line":9,"column":2},"end":{"line":9,"column":42}},"2":{"start":{"line":10,"column":2},"end":{"line":10,"column":16}},"3":{"start":{"line":14,"column":15},"end":{"line":14,"column":29}},"4":{"start":{"line":15,"column":2},"end":{"line":15,"column":42}},"5":{"start":{"line":16,"column":2},"end":{"line":16,"column":16}},"6":{"start":{"line":20,"column":16},"end":{"line":20,"column":26}},"7":{"start":{"line":21,"column":2},"end":{"line":21,"column":34}},"8":{"start":{"line":22,"column":15},"end":{"line":22,"column":17}},"9":{"start":{"line":24,"column":2},"end":{"line":26,"column":3}},"10":{"start":{"line":24,"column":15},"end":{"line":24,"column":16}},"11":{"start":{"line":25,"column":4},"end":{"line":25,"column":43}},"12":{"start":{"line":27,"column":2},"end":{"line":27,"column":19}},"13":{"start":{"line":29,"column":2},"end":{"line":31,"column":3}},"14":{"start":{"line":29,"column":15},"end":{"line":29,"column":16}},"15":{"start":{"line":30,"column":4},"end":{"line":30,"column":39}},"16":{"start":{"line":32,"column":2},"end":{"line":32,"column":16}},"17":{"start":{"line":36,"column":19},"end":{"line":36,"column":22}},"18":{"start":{"line":37,"column":21},"end":{"line":37,"column":23}},"19":{"start":{"line":38,"column":19},"end":{"line":38,"column":27}},"20":{"start":{"line":40,"column":16},"end":{"line":42,"column":8}},"21":{"start":{"line":41,"column":4},"end":{"line":41,"column":65}},"22":{"start":{"line":44,"column":24},"end":{"line":47,"column":3}},"23":{"start":{"line":45,"column":4},"end":{"line":45,"column":61}},"24":{"start":{"line":46,"column":4},"end":{"line":46,"column":46}},"25":{"start":{"line":49,"column":19},"end":{"line":51,"column":3}},"26":{"start":{"line":50,"column":4},"end":{"line":50,"column":35}},"27":{"start":{"line":53,"column":2},"end":{"line":74,"column":3}},"28":{"start":{"line":62,"column":60},"end":{"line":62,"column":75}},"29":{"start":{"line":64,"column":12},"end":{"line":69,"column":14}}},"fnMap":{"0":{"name":"dateSubtractDays","decl":{"start":{"line":7,"column":9},"end":{"line":7,"column":25}},"loc":{"start":{"line":7,"column":38},"end":{"line":11,"column":1}},"line":7},"1":{"name":"dateAddDays","decl":{"start":{"line":13,"column":9},"end":{"line":13,"column":20}},"loc":{"start":{"line":13,"column":33},"end":{"line":17,"column":1}},"line":13},"2":{"name":"generateHorizontalCalendarDates","decl":{"start":{"line":19,"column":9},"end":{"line":19,"column":40}},"loc":{"start":{"line":19,"column":63},"end":{"line":33,"column":1}},"line":19},"3":{"name":"HorizontalCalendar","decl":{"start":{"line":35,"column":24},"end":{"line":35,"column":42}},"loc":{"start":{"line":35,"column":97},"end":{"line":75,"column":1}},"line":35},"4":{"name":"(anonymous_4)","decl":{"start":{"line":40,"column":24},"end":{"line":40,"column":25}},"loc":{"start":{"line":40,"column":30},"end":{"line":42,"column":3}},"line":40},"5":{"name":"(anonymous_5)","decl":{"start":{"line":44,"column":24},"end":{"line":44,"column":25}},"loc":{"start":{"line":44,"column":30},"end":{"line":47,"column":3}},"line":44},"6":{"name":"(anonymous_6)","decl":{"start":{"line":49,"column":19},"end":{"line":49,"column":20}},"loc":{"start":{"line":49,"column":25},"end":{"line":51,"column":3}},"line":49},"7":{"name":"(anonymous_7)","decl":{"start":{"line":62,"column":56},"end":{"line":62,"column":57}},"loc":{"start":{"line":62,"column":60},"end":{"line":62,"column":75}},"line":62},"8":{"name":"(anonymous_8)","decl":{"start":{"line":63,"column":21},"end":{"line":63,"column":22}},"loc":{"start":{"line":63,"column":31},"end":{"line":70,"column":11}},"line":63}},"branchMap":{"0":{"loc":{"start":{"line":46,"column":4},"end":{"line":46,"column":45}},"type":"binary-expr","locations":[{"start":{"line":46,"column":4},"end":{"line":46,"column":19}},{"start":{"line":46,"column":23},"end":{"line":46,"column":45}}],"line":46}},"s":{"0":360,"1":360,"2":360,"3":178,"4":178,"5":178,"6":2,"7":2,"8":2,"9":2,"10":2,"11":360,"12":2,"13":2,"14":2,"15":178,"16":2,"17":2,"18":2,"19":2,"20":2,"21":2,"22":2,"23":0,"24":0,"25":2,"26":0,"27":2,"28":0,"29":538},"f":{"0":360,"1":178,"2":2,"3":2,"4":2,"5":0,"6":0,"7":0,"8":538},"b":{"0":[0,0]},"_coverageSchema":"1a1c01bbd47fc00a2c39e90264f33305004495a9","hash":"d0e32b4b75ed68191d622fc41615159edcf80db2"}
,"/home/marco/Repos/MARBLES/client/views/login.js": {"path":"/home/marco/Repos/MARBLES/client/views/login.js","statementMap":{"0":{"start":{"line":6,"column":28},"end":{"line":6,"column":40}},"1":{"start":{"line":7,"column":34},"end":{"line":7,"column":46}},"2":{"start":{"line":9,"column":21},"end":{"line":9,"column":29}},"3":{"start":{"line":10,"column":24},"end":{"line":10,"column":32}},"4":{"start":{"line":12,"column":23},"end":{"line":31,"column":3}},"5":{"start":{"line":13,"column":27},"end":{"line":13,"column":46}},"6":{"start":{"line":14,"column":4},"end":{"line":17,"column":5}},"7":{"start":{"line":15,"column":6},"end":{"line":15,"column":42}},"8":{"start":{"line":16,"column":6},"end":{"line":16,"column":13}},"9":{"start":{"line":18,"column":4},"end":{"line":21,"column":5}},"10":{"start":{"line":19,"column":6},"end":{"line":19,"column":37}},"11":{"start":{"line":20,"column":6},"end":{"line":20,"column":13}},"12":{"start":{"line":23,"column":19},"end":{"line":23,"column":57}},"13":{"start":{"line":24,"column":4},"end":{"line":30,"column":5}},"14":{"start":{"line":25,"column":6},"end":{"line":25,"column":31}},"15":{"start":{"line":26,"column":6},"end":{"line":26,"column":33}},"16":{"start":{"line":27,"column":6},"end":{"line":27,"column":36}},"17":{"start":{"line":29,"column":6},"end":{"line":29,"column":35}},"18":{"start":{"line":33,"column":2},"end":{"line":70,"column":4}},"19":{"start":{"line":44,"column":35},"end":{"line":44,"column":50}},"20":{"start":{"line":55,"column":38},"end":{"line":55,"column":59}},"21":{"start":{"line":58,"column":61},"end":{"line":58,"column":75}},"22":{"start":{"line":64,"column":10},"end":{"line":64,"column":41}},"23":{"start":{"line":73,"column":15},"end":{"line":114,"column":2}}},"fnMap":{"0":{"name":"Login","decl":{"start":{"line":5,"column":24},"end":{"line":5,"column":29}},"loc":{"start":{"line":5,"column":46},"end":{"line":71,"column":1}},"line":5},"1":{"name":"(anonymous_1)","decl":{"start":{"line":12,"column":23},"end":{"line":12,"column":24}},"loc":{"start":{"line":12,"column":35},"end":{"line":31,"column":3}},"line":12},"2":{"name":"(anonymous_2)","decl":{"start":{"line":44,"column":24},"end":{"line":44,"column":25}},"loc":{"start":{"line":44,"column":35},"end":{"line":44,"column":50}},"line":44},"3":{"name":"(anonymous_3)","decl":{"start":{"line":55,"column":24},"end":{"line":55,"column":25}},"loc":{"start":{"line":55,"column":38},"end":{"line":55,"column":59}},"line":55},"4":{"name":"(anonymous_4)","decl":{"start":{"line":58,"column":55},"end":{"line":58,"column":56}},"loc":{"start":{"line":58,"column":61},"end":{"line":58,"column":75}},"line":58},"5":{"name":"(anonymous_5)","decl":{"start":{"line":63,"column":17},"end":{"line":63,"column":18}},"loc":{"start":{"line":63,"column":23},"end":{"line":65,"column":9}},"line":63}},"branchMap":{"0":{"loc":{"start":{"line":14,"column":4},"end":{"line":17,"column":5}},"type":"if","locations":[{"start":{"line":14,"column":4},"end":{"line":17,"column":5}},{"start":{},"end":{}}],"line":14},"1":{"loc":{"start":{"line":18,"column":4},"end":{"line":21,"column":5}},"type":"if","locations":[{"start":{"line":18,"column":4},"end":{"line":21,"column":5}},{"start":{},"end":{}}],"line":18},"2":{"loc":{"start":{"line":24,"column":4},"end":{"line":30,"column":5}},"type":"if","locations":[{"start":{"line":24,"column":4},"end":{"line":30,"column":5}},{"start":{"line":28,"column":11},"end":{"line":30,"column":5}}],"line":24}},"s":{"0":1,"1":1,"2":1,"3":1,"4":1,"5":0,"6":0,"7":0,"8":0,"9":0,"10":0,"11":0,"12":0,"13":0,"14":0,"15":0,"16":0,"17":0,"18":1,"19":0,"20":0,"21":0,"22":0,"23":1},"f":{"0":1,"1":0,"2":0,"3":0,"4":0,"5":0},"b":{"0":[0,0],"1":[0,0],"2":[0,0]},"_coverageSchema":"1a1c01bbd47fc00a2c39e90264f33305004495a9","hash":"6e96345eeae8f36c54a00f4c9976d80c474e6657"}
,"/home/marco/Repos/MARBLES/client/views/calendar/calendar.js": {"path":"/home/marco/Repos/MARBLES/client/views/calendar/calendar.js","statementMap":{"0":{"start":{"line":8,"column":40},"end":{"line":8,"column":52}},"1":{"start":{"line":10,"column":2},"end":{"line":28,"column":4}},"2":{"start":{"line":19,"column":10},"end":{"line":19,"column":41}},"3":{"start":{"line":22,"column":10},"end":{"line":22,"column":41}}},"fnMap":{"0":{"name":"CalendarScroll","decl":{"start":{"line":7,"column":24},"end":{"line":7,"column":38}},"loc":{"start":{"line":7,"column":55},"end":{"line":29,"column":1}},"line":7},"1":{"name":"(anonymous_1)","decl":{"start":{"line":18,"column":20},"end":{"line":18,"column":21}},"loc":{"start":{"line":18,"column":29},"end":{"line":20,"column":9}},"line":18},"2":{"name":"(anonymous_2)","decl":{"start":{"line":21,"column":24},"end":{"line":21,"column":25}},"loc":{"start":{"line":21,"column":33},"end":{"line":23,"column":9}},"line":21}},"branchMap":{},"s":{"0":2,"1":2,"2":0,"3":0},"f":{"0":2,"1":0,"2":0},"b":{},"_coverageSchema":"1a1c01bbd47fc00a2c39e90264f33305004495a9","hash":"3cba170eede8506134239c4065084d1d117b868d"}
,"/home/marco/Repos/MARBLES/client/views/calendar/style.tsx": {"path":"/home/marco/Repos/MARBLES/client/views/calendar/style.tsx","statementMap":{"0":{"start":{"line":3,"column":23},"end":{"line":10,"column":2}},"1":{"start":{"line":12,"column":29},"end":{"line":52,"column":1}}},"fnMap":{},"branchMap":{},"s":{"0":1,"1":1},"f":{},"b":{},"_coverageSchema":"1a1c01bbd47fc00a2c39e90264f33305004495a9","hash":"d6f0a57ff0cbe631ded378df02d48ab434a4ed89"}
,"/home/marco/Repos/MARBLES/client/views/habits/habits.js": {"path":"/home/marco/Repos/MARBLES/client/views/habits/habits.js","statementMap":{"0":{"start":{"line":9,"column":16},"end":{"line":9,"column":26}},"1":{"start":{"line":10,"column":2},"end":{"line":10,"column":34}},"2":{"start":{"line":12,"column":42},"end":{"line":12,"column":57}},"3":{"start":{"line":14,"column":30},"end":{"line":14,"column":42}},"4":{"start":{"line":16,"column":20},"end":{"line":19,"column":3}},"5":{"start":{"line":17,"column":26},"end":{"line":17,"column":66}},"6":{"start":{"line":18,"column":4},"end":{"line":18,"column":29}},"7":{"start":{"line":21,"column":2},"end":{"line":23,"column":21}},"8":{"start":{"line":22,"column":4},"end":{"line":22,"column":16}},"9":{"start":{"line":25,"column":2},"end":{"line":41,"column":4}}},"fnMap":{"0":{"name":"Habits","decl":{"start":{"line":8,"column":24},"end":{"line":8,"column":30}},"loc":{"start":{"line":8,"column":47},"end":{"line":42,"column":1}},"line":8},"1":{"name":"(anonymous_1)","decl":{"start":{"line":16,"column":20},"end":{"line":16,"column":21}},"loc":{"start":{"line":16,"column":32},"end":{"line":19,"column":3}},"line":16},"2":{"name":"(anonymous_2)","decl":{"start":{"line":21,"column":12},"end":{"line":21,"column":13}},"loc":{"start":{"line":21,"column":18},"end":{"line":23,"column":3}},"line":21}},"branchMap":{},"s":{"0":2,"1":2,"2":2,"3":2,"4":2,"5":1,"6":0,"7":2,"8":1,"9":2},"f":{"0":2,"1":1,"2":1},"b":{},"_coverageSchema":"1a1c01bbd47fc00a2c39e90264f33305004495a9","hash":"8212650dfe1cc83c7e4a0d2031b20f187d6ec9f6"}
,"/home/marco/Repos/MARBLES/client/views/habits/style.tsx": {"path":"/home/marco/Repos/MARBLES/client/views/habits/style.tsx","statementMap":{},"fnMap":{},"branchMap":{},"s":{},"f":{},"b":{},"_coverageSchema":"1a1c01bbd47fc00a2c39e90264f33305004495a9","hash":"cfdba3da8371620440ddf1cd372c8fe2cb49b3f7"}
}
