TN:
SF:ApiService.js
FN:6,(anonymous_0)
FN:14,(anonymous_1)
FN:15,(anonymous_2)
FN:18,(anonymous_3)
FN:29,(anonymous_4)
FN:30,(anonymous_5)
FN:33,(anonymous_6)
FN:41,(anonymous_7)
FN:42,(anonymous_8)
FN:45,(anonymous_9)
FN:53,(anonymous_10)
FN:54,(anonymous_11)
FN:57,(anonymous_12)
FN:65,(anonymous_13)
FN:66,(anonymous_14)
FN:69,(anonymous_15)
FN:77,(anonymous_16)
FN:78,(anonymous_17)
FNF:18
FNH:1
FNDA:0,(anonymous_0)
FNDA:0,(anonymous_1)
FNDA:0,(anonymous_2)
FNDA:0,(anonymous_3)
FNDA:0,(anonymous_4)
FNDA:0,(anonymous_5)
FNDA:0,(anonymous_6)
FNDA:0,(anonymous_7)
FNDA:0,(anonymous_8)
FNDA:1,(anonymous_9)
FNDA:0,(anonymous_10)
FNDA:0,(anonymous_11)
FNDA:0,(anonymous_12)
FNDA:0,(anonymous_13)
FNDA:0,(anonymous_14)
FNDA:0,(anonymous_15)
FNDA:0,(anonymous_16)
FNDA:0,(anonymous_17)
DA:2,0
DA:4,2
DA:6,2
DA:7,0
DA:14,0
DA:15,0
DA:18,2
DA:19,0
DA:29,0
DA:30,0
DA:33,2
DA:34,0
DA:41,0
DA:42,0
DA:45,2
DA:46,1
DA:53,0
DA:54,0
DA:57,2
DA:58,0
DA:65,0
DA:66,0
DA:69,2
DA:70,0
DA:77,0
DA:78,0
LF:26
LH:8
BRF:0
BRH:0
end_of_record
TN:
SF:assets/Add.png
FNF:0
FNH:0
DA:1,1
LF:1
LH:1
BRF:0
BRH:0
end_of_record
TN:
SF:assets/Calendar.png
FNF:0
FNH:0
DA:1,2
LF:1
LH:1
BRF:0
BRH:0
end_of_record
TN:
SF:assets/Frame.png
FNF:0
FNH:0
DA:1,1
LF:1
LH:1
BRF:0
BRH:0
end_of_record
TN:
SF:assets/Group.png
FNF:0
FNH:0
DA:1,1
LF:1
LH:1
BRF:0
BRH:0
end_of_record
TN:
SF:assets/LogOut.png
FNF:0
FNH:0
DA:1,2
LF:1
LH:1
BRF:0
BRH:0
end_of_record
TN:
SF:assets/Marbles.png
FNF:0
FNH:0
DA:1,1
LF:1
LH:1
BRF:0
BRH:0
end_of_record
TN:
SF:assets/Register.png
FNF:0
FNH:0
DA:1,1
LF:1
LH:1
BRF:0
BRH:0
end_of_record
TN:
SF:assets/Today.png
FNF:0
FNH:0
DA:1,1
LF:1
LH:1
BRF:0
BRH:0
end_of_record
TN:
SF:assets/Update.png
FNF:0
FNH:0
DA:1,2
LF:1
LH:1
BRF:0
BRH:0
end_of_record
TN:
SF:components/BottomNav.js
FN:3,BottomNav
FN:6,(anonymous_1)
FN:9,(anonymous_2)
FN:12,(anonymous_3)
FNF:4
FNH:1
FNDA:4,BottomNav
FNDA:0,(anonymous_1)
FNDA:0,(anonymous_2)
FNDA:0,(anonymous_3)
DA:4,4
DA:6,0
DA:9,0
DA:12,0
DA:19,2
LF:5
LH:2
BRF:0
BRH:0
end_of_record
TN:
SF:components/CalendarHeader.js
FN:3,CalendarHeader
FNF:1
FNH:1
FNDA:2,CalendarHeader
DA:4,2
LF:1
LH:1
BRF:0
BRH:0
end_of_record
TN:
SF:components/CalendarItem.js
FN:3,CalendarItem
FN:13,(anonymous_1)
FNF:2
FNH:1
FNDA:538,CalendarItem
FNDA:0,(anonymous_1)
DA:4,538
DA:5,538
DA:7,538
DA:11,538
DA:13,0
DA:26,1
LF:6
LH:5
BRDA:7,0,0,538
BRDA:7,0,1,16
BRDA:14,1,0,538
BRDA:14,1,1,2
BRDA:16,2,0,538
BRDA:16,2,1,2
BRDA:19,3,0,538
BRDA:19,3,1,2
BRF:8
BRH:8
end_of_record
TN:
SF:components/HabitItem.js
FN:5,Habits
FN:9,(anonymous_1)
FN:10,(anonymous_2)
FN:13,(anonymous_3)
FN:29,(anonymous_4)
FNF:5
FNH:0
FNDA:0,Habits
FNDA:0,(anonymous_1)
FNDA:0,(anonymous_2)
FNDA:0,(anonymous_3)
FNDA:0,(anonymous_4)
DA:7,0
DA:9,0
DA:10,0
DA:13,0
DA:14,0
DA:15,0
DA:16,0
DA:18,0
DA:20,0
DA:23,0
DA:29,0
DA:39,1
LF:12
LH:1
BRDA:25,0,0,0
BRDA:25,0,1,0
BRF:2
BRH:0
end_of_record
TN:
SF:components/HabitList.js
FN:5,HabitList
FN:7,(anonymous_1)
FN:14,(anonymous_2)
FN:16,(anonymous_3)
FNF:4
FNH:1
FNDA:2,HabitList
FNDA:0,(anonymous_1)
FNDA:0,(anonymous_2)
FNDA:0,(anonymous_3)
DA:7,2
DA:8,0
DA:9,0
DA:12,2
DA:15,0
DA:16,0
DA:29,1
LF:7
LH:3
BRDA:14,0,0,2
BRDA:14,0,1,2
BRF:2
BRH:2
end_of_record
TN:
SF:components/HorizontalCalendar.js
FN:7,dateSubtractDays
FN:13,dateAddDays
FN:19,generateHorizontalCalendarDates
FN:35,HorizontalCalendar
FN:40,(anonymous_4)
FN:44,(anonymous_5)
FN:49,(anonymous_6)
FN:62,(anonymous_7)
FN:63,(anonymous_8)
FNF:9
FNH:6
FNDA:360,dateSubtractDays
FNDA:178,dateAddDays
FNDA:2,generateHorizontalCalendarDates
FNDA:2,HorizontalCalendar
FNDA:2,(anonymous_4)
FNDA:0,(anonymous_5)
FNDA:0,(anonymous_6)
FNDA:0,(anonymous_7)
FNDA:538,(anonymous_8)
DA:8,360
DA:9,360
DA:10,360
DA:14,178
DA:15,178
DA:16,178
DA:20,2
DA:21,2
DA:22,2
DA:24,2
DA:25,360
DA:27,2
DA:29,2
DA:30,178
DA:32,2
DA:36,2
DA:37,2
DA:38,2
DA:40,2
DA:41,2
DA:44,2
DA:45,0
DA:46,0
DA:49,2
DA:50,0
DA:53,2
DA:62,0
DA:64,538
LF:28
LH:24
BRDA:46,0,0,0
BRDA:46,0,1,0
BRF:2
BRH:0
end_of_record
TN:
SF:views/login.js
FN:5,Login
FN:12,(anonymous_1)
FN:44,(anonymous_2)
FN:55,(anonymous_3)
FN:58,(anonymous_4)
FN:63,(anonymous_5)
FNF:6
FNH:1
FNDA:1,Login
FNDA:0,(anonymous_1)
FNDA:0,(anonymous_2)
FNDA:0,(anonymous_3)
FNDA:0,(anonymous_4)
FNDA:0,(anonymous_5)
DA:6,1
DA:7,1
DA:9,1
DA:10,1
DA:12,1
DA:13,0
DA:14,0
DA:15,0
DA:16,0
DA:18,0
DA:19,0
DA:20,0
DA:23,0
DA:24,0
DA:25,0
DA:26,0
DA:27,0
DA:29,0
DA:33,1
DA:44,0
DA:55,0
DA:58,0
DA:64,0
DA:73,1
LF:24
LH:7
BRDA:14,0,0,0
BRDA:14,0,1,0
BRDA:18,1,0,0
BRDA:18,1,1,0
BRDA:24,2,0,0
BRDA:24,2,1,0
BRF:6
BRH:0
end_of_record
TN:
SF:views/calendar/calendar.js
FN:7,CalendarScroll
FN:18,(anonymous_1)
FN:21,(anonymous_2)
FNF:3
FNH:1
FNDA:2,CalendarScroll
FNDA:0,(anonymous_1)
FNDA:0,(anonymous_2)
DA:8,2
DA:10,2
DA:19,0
DA:22,0
LF:4
LH:2
BRF:0
BRH:0
end_of_record
TN:
SF:views/calendar/style.tsx
FNF:0
FNH:0
DA:3,1
DA:12,1
LF:2
LH:2
BRF:0
BRH:0
end_of_record
TN:
SF:views/habits/habits.js
FN:8,Habits
FN:16,(anonymous_1)
FN:21,(anonymous_2)
FNF:3
FNH:3
FNDA:2,Habits
FNDA:1,(anonymous_1)
FNDA:1,(anonymous_2)
DA:9,2
DA:10,2
DA:12,2
DA:14,2
DA:16,2
DA:17,1
DA:18,0
DA:21,2
DA:22,1
DA:25,2
LF:10
LH:9
BRF:0
BRH:0
end_of_record
TN:
SF:views/habits/style.tsx
FNF:0
FNH:0
LF:0
LH:0
BRF:0
BRH:0
end_of_record
